[Thu, 05 May 16 17:52:51 +0800][NOTICE]: [HttpError]: #0 /home/work/banews-api/app/controllers/IndexController.php(19): BaseController->get_request_param('client_version', 'string', true)
#1 [internal function]: IndexController->IndexAction()
#2 [internal function]: Phalcon\Dispatcher->dispatch()
#3 /home/work/banews-api/public/index.php(32): Phalcon\Mvc\Application->handle()
#4 {main}
[Thu, 05 May 16 19:22:31 +0800][NOTICE]: [HttpError]: #0 /home/work/banews-api/app/controllers/IndexController.php(19): BaseController->get_request_param('client_version', 'string', true)
#1 [internal function]: IndexController->IndexAction()
#2 [internal function]: Phalcon\Dispatcher->dispatch()
#3 /home/work/banews-api/public/index.php(32): Phalcon\Mvc\Application->handle()
#4 {main}
[Thu, 05 May 16 20:13:47 +0800][NOTICE]: [HttpError]: #0 /home/work/banews-api/app/controllers/IndexController.php(19): BaseController->get_request_param('client_version', 'string', true)
#1 [internal function]: IndexController->IndexAction()
#2 [internal function]: Phalcon\Dispatcher->dispatch()
#3 /home/work/banews-api/public/index.php(32): Phalcon\Mvc\Application->handle()
#4 {main}
[Fri, 06 May 16 16:21:35 +0800][NOTICE]: [HttpError]: #0 /home/work/banews-server/entry/app/controllers/IndexController.php(19): BaseController->get_request_param('client_version', 'string', true)
#1 [internal function]: IndexController->IndexAction()
#2 [internal function]: Phalcon\Dispatcher->dispatch()
#3 /home/work/banews-server/entry/public/index.php(25): Phalcon\Mvc\Application->handle()
#4 {main}
[Fri, 06 May 16 16:21:41 +0800][NOTICE]: [HttpError]: #0 /home/work/banews-server/entry/app/controllers/IndexController.php(19): BaseController->get_request_param('client_version', 'string', true)
#1 [internal function]: IndexController->IndexAction()
#2 [internal function]: Phalcon\Dispatcher->dispatch()
#3 /home/work/banews-server/entry/public/index.php(25): Phalcon\Mvc\Application->handle()
#4 {main}
[Sun, 08 May 16 15:40:11 +0800][NOTICE]: [HttpError]: #0 /home/work/banews-server/entry/app/controllers/IndexController.php(19): BaseController->get_request_param('client_version', 'string', true)
#1 [internal function]: IndexController->IndexAction()
#2 [internal function]: Phalcon\Dispatcher->dispatch()
#3 /home/work/banews-server/entry/public/index.php(30): Phalcon\Mvc\Application->handle()
#4 {main}
[Mon, 09 May 16 12:12:37 +0800][NOTICE]: [HttpError]: #0 /home/work/banews-server/entry/app/controllers/IndexController.php(19): BaseController->get_request_param('client_version', 'string', true)
#1 [internal function]: IndexController->IndexAction()
#2 [internal function]: Phalcon\Dispatcher->dispatch()
#3 /home/work/banews-server/entry/public/index.php(31): Phalcon\Mvc\Application->handle()
#4 {main}
[Mon, 09 May 16 12:13:47 +0800][NOTICE]: [HttpError]: #0 /home/work/banews-server/entry/app/controllers/IndexController.php(19): BaseController->get_request_param('client_version', 'string', true)
#1 [internal function]: IndexController->IndexAction()
#2 [internal function]: Phalcon\Dispatcher->dispatch()
#3 /home/work/banews-server/entry/public/index.php(34): Phalcon\Mvc\Application->handle()
#4 {main}
[Mon, 09 May 16 12:16:43 +0800][NOTICE]: [HttpError]: #0 /home/work/banews-server/entry/app/controllers/IndexController.php(19): BaseController->get_request_param('client_version', 'string', true)
#1 [internal function]: IndexController->IndexAction()
#2 [internal function]: Phalcon\Dispatcher->dispatch()
#3 /home/work/banews-server/entry/public/index.php(34): Phalcon\Mvc\Application->handle()
#4 {main}
[Mon, 09 May 16 17:15:13 +0800][NOTICE]: [HttpError]: #0 /home/work/banews-server/entry/app/controllers/IndexController.php(19): BaseController->get_request_param('client_version', 'string', true)
#1 [internal function]: IndexController->IndexAction()
#2 [internal function]: Phalcon\Dispatcher->dispatch()
#3 /home/work/banews-server/entry/public/index.php(33): Phalcon\Mvc\Application->handle()
#4 {main}
[Mon, 09 May 16 17:16:59 +0800][NOTICE]: [HttpError]: #0 /home/work/banews-server/entry/app/controllers/IndexController.php(19): BaseController->get_request_param('client_version', 'string', true)
#1 [internal function]: IndexController->IndexAction()
#2 [internal function]: Phalcon\Dispatcher->dispatch()
#3 /home/work/banews-server/entry/public/index.php(33): Phalcon\Mvc\Application->handle()
#4 {main}
[Tue, 17 May 16 16:01:21 +0800][INFO]: [EVENT] {"hello":"world"}
[Tue, 17 May 16 17:50:48 +0800][INFO]: [EVENT] {"hello":"world"}
[Tue, 17 May 16 18:09:41 +0800][NOTICE]: [HttpError]: #0 [internal function]: IndexController->IndexAction()
#1 [internal function]: Phalcon\Dispatcher->dispatch()
#2 /home/work/banews-server/entry/public/index.php(33): Phalcon\Mvc\Application->handle()
#3 {main}
[Tue, 17 May 16 18:10:43 +0800][NOTICE]: [HttpError]: #0 [internal function]: IndexController->IndexAction()
#1 [internal function]: Phalcon\Dispatcher->dispatch()
#2 /home/work/banews-server/entry/public/index.php(34): Phalcon\Mvc\Application->handle()
#3 {main}
[Tue, 17 May 16 18:11:14 +0800][NOTICE]: [ColdSetting][vendor:][mmc:][clientVersion:1.0.0][os:][osVersion:][net:][isp:][tz:][lng:][lat:][lang:][clientTime:][device_id:]
[Tue, 17 May 16 18:11:14 +0800][INFO]: [EVENT] {"hello":"world"}
[Tue, 17 May 16 18:11:48 +0800][NOTICE]: [ColdSetting][vendor:][mmc:][clientVersion:1.0.0][os:][osVersion:][net:][isp:][tz:][lng:][lat:][lang:][clientTime:][device_id:]
[Tue, 17 May 16 18:11:48 +0800][INFO]: [EVENT] {"hello":"world"}
[Tue, 17 May 16 18:28:47 +0800][NOTICE]: [ColdSetting][vendor:][mmc:][clientVersion:1.0.0][os:][osVersion:][net:][isp:][tz:][lng:][lat:][lang:][clientTime:][device_id:]
[Tue, 17 May 16 18:28:47 +0800][INFO]: [EVENT] {"hello":"world"}
[Tue, 17 May 16 18:29:30 +0800][NOTICE]: [ColdSetting][vendor:][mmc:][clientVersion:1.0.0][os:][osVersion:][net:][isp:][tz:][lng:][lat:][lang:][clientTime:][device_id:]
[Tue, 17 May 16 18:29:30 +0800][INFO]: [EVENT] {"hello":"world"}
[Tue, 17 May 16 18:29:43 +0800][NOTICE]: [ColdSetting][vendor:][mmc:][clientVersion:1.0.0][os:][osVersion:][net:][isp:][tz:][lng:][lat:][lang:][clientTime:][device_id:]
[Tue, 17 May 16 18:29:43 +0800][INFO]: [EVENT] {"hello":"world"}
